<?xml version="1.0" encoding="UTF-8"?>
<!-- Generated by org.testng.reporters.JUnitXMLReporter -->
<testsuite hostname="DESKTOP-4LAGA66" name="Default test" tests="5" failures="0" timestamp="12 Oct 2019 13:14:49 GMT" time="2.095" errors="0">
  <testcase name="test_allgames" time="1.322" classname="testAPI.Apicheck"/>
  <testcase name="addnewgame" time="0.392" classname="testAPI.Apicheck"/>
  <testcase name="getame" time="0.313" classname="testAPI.Apicheck"/>
  <testcase name="updategame" time="0.041" classname="testAPI.Apicheck"/>
  <testcase name="deletegame" time="0.014" classname="testAPI.Apicheck"/>
</testsuite> <!-- Default test -->
