<?xml version="1.0" encoding="UTF-8"?>
<!-- Generated by org.testng.reporters.JUnitXMLReporter -->
<testsuite hostname="DESKTOP-4LAGA66" name="API Test" tests="5" failures="0" timestamp="12 Oct 2019 13:20:08 GMT" time="2.029" errors="0">
  <testcase name="test_allgames" time="1.296" classname="testAPI.Apicheck"/>
  <testcase name="addnewgame" time="0.308" classname="testAPI.Apicheck"/>
  <testcase name="getame" time="0.35" classname="testAPI.Apicheck"/>
  <testcase name="updategame" time="0.047" classname="testAPI.Apicheck"/>
  <testcase name="deletegame" time="0.017" classname="testAPI.Apicheck"/>
</testsuite> <!-- API Test -->
