<?xml version="1.0" encoding="UTF-8"?>
<testng-results skipped="0" failed="0" ignored="0" total="5" passed="5">
  <reporter-output>
  </reporter-output>
  <suite name="APITesting" duration-ms="2151" started-at="2019-10-12T13:39:42Z" finished-at="2019-10-12T13:39:45Z">
    <groups>
    </groups>
    <test name="API Test" duration-ms="2151" started-at="2019-10-12T13:39:42Z" finished-at="2019-10-12T13:39:45Z">
      <class name="testAPI.Apicheck">
        <test-method status="PASS" signature="test_allgames()[pri:1, instance:testAPI.Apicheck@380fb434]" name="test_allgames" duration-ms="1315" started-at="2019-10-12T13:39:42Z" finished-at="2019-10-12T13:39:44Z">
          <reporter-output>
          </reporter-output>
        </test-method> <!-- test_allgames -->
        <test-method status="PASS" signature="addnewgame()[pri:2, instance:testAPI.Apicheck@380fb434]" name="addnewgame" duration-ms="321" started-at="2019-10-12T13:39:44Z" finished-at="2019-10-12T13:39:44Z">
          <reporter-output>
          </reporter-output>
        </test-method> <!-- addnewgame -->
        <test-method status="PASS" signature="getame()[pri:3, instance:testAPI.Apicheck@380fb434]" name="getame" duration-ms="435" started-at="2019-10-12T13:39:44Z" finished-at="2019-10-12T13:39:45Z">
          <reporter-output>
          </reporter-output>
        </test-method> <!-- getame -->
        <test-method status="PASS" signature="updategame()[pri:4, instance:testAPI.Apicheck@380fb434]" name="updategame" duration-ms="38" started-at="2019-10-12T13:39:45Z" finished-at="2019-10-12T13:39:45Z">
          <reporter-output>
          </reporter-output>
        </test-method> <!-- updategame -->
        <test-method status="PASS" signature="deletegame()[pri:5, instance:testAPI.Apicheck@380fb434]" name="deletegame" duration-ms="13" started-at="2019-10-12T13:39:45Z" finished-at="2019-10-12T13:39:45Z">
          <reporter-output>
          </reporter-output>
        </test-method> <!-- deletegame -->
      </class> <!-- testAPI.Apicheck -->
    </test> <!-- API Test -->
  </suite> <!-- APITesting -->
</testng-results>
